build/app/intermediates/manifest_merge_blame_file/debug/manifest-merger-blame-debug-report.txt
1<?xml version="1.0" encoding="utf-8"?>
2<manifest xmlns:android="http://schemas.android.com/apk/res/android"
3    package="com.justix.xtrail"
4    android:versionCode="1"
5    android:versionName="1.0.0" >
6
7    <uses-sdk
8        android:minSdkVersion="16"
9        android:targetSdkVersion="28" />
10    <!--
11         Flutter needs it to communicate with the running application
12         to allow setting breakpoints, to provide hot reload, etc.
13    -->
14    <uses-permission android:name="android.permission.INTERNET" />
14-->src/debug/AndroidManifest.xml:6:5-66
14-->src/debug/AndroidManifest.xml:6:22-64
15    <uses-permission android:name="android.permission.ACCESS_NETWORK_STATE" />
15-->[com.google.android.gms:play-services-measurement:17.2.2] AndroidManifest.xml:24:5-79
15-->[com.google.android.gms:play-services-measurement:17.2.2] AndroidManifest.xml:24:22-76
16    <uses-permission android:name="android.permission.WAKE_LOCK" />
16-->[com.google.android.gms:play-services-measurement:17.2.2] AndroidManifest.xml:25:5-68
16-->[com.google.android.gms:play-services-measurement:17.2.2] AndroidManifest.xml:25:22-65
17    <uses-permission android:name="com.google.android.finsky.permission.BIND_GET_INSTALL_REFERRER_SERVICE" /> <!-- Required by older versions of Google Play services to create IID tokens -->
17-->[com.google.android.gms:play-services-measurement:17.2.2] AndroidManifest.xml:26:5-110
17-->[com.google.android.gms:play-services-measurement:17.2.2] AndroidManifest.xml:26:22-107
18    <uses-permission android:name="com.google.android.c2dm.permission.RECEIVE" />
18-->[com.google.firebase:firebase-iid:20.0.2] AndroidManifest.xml:26:5-82
18-->[com.google.firebase:firebase-iid:20.0.2] AndroidManifest.xml:26:22-79
19    <!--
20 io.flutter.app.FlutterApplication is an android.app.Application that
21         calls FlutterMain.startInitialization(this); in its onCreate method.
22         In most cases you can leave this as-is, but you if you want to provide
23         additional functionality it is fine to subclass or reimplement
24         FlutterApplication and put your custom class here.
25    -->
26    <application
26-->src/main/AndroidManifest.xml:8:5-46:19
27        android:name="io.flutter.app.FlutterApplication"
27-->src/main/AndroidManifest.xml:9:9-57
28        android:appComponentFactory="androidx.core.app.CoreComponentFactory"
28-->[androidx.core:core:1.1.0] AndroidManifest.xml:24:18-86
29        android:debuggable="true"
30        android:icon="@mipmap/launcher_icon"
30-->src/main/AndroidManifest.xml:11:9-45
31        android:label="xTrail" >
31-->src/main/AndroidManifest.xml:10:9-31
32        <activity
32-->src/main/AndroidManifest.xml:12:9-40:20
33            android:name="com.justix.xtrail.MainActivity"
33-->src/main/AndroidManifest.xml:13:13-41
34            android:configChanges="orientation|keyboardHidden|keyboard|screenSize|smallestScreenSize|locale|layoutDirection|fontScale|screenLayout|density|uiMode"
34-->src/main/AndroidManifest.xml:16:13-163
35            android:hardwareAccelerated="true"
35-->src/main/AndroidManifest.xml:17:13-47
36            android:launchMode="singleTop"
36-->src/main/AndroidManifest.xml:14:13-43
37            android:theme="@style/LaunchTheme"
37-->src/main/AndroidManifest.xml:15:13-47
38            android:windowSoftInputMode="adjustResize" >
38-->src/main/AndroidManifest.xml:18:13-55
39
40            <!--
41                 Specifies an Android theme to apply to this Activity as soon as
42                 the Android process has started. This theme is visible to the user
43                 while the Flutter UI initializes. After that, this theme continues
44                 to determine the Window background behind the Flutter UI.
45            -->
46            <meta-data
46-->src/main/AndroidManifest.xml:23:13-26:17
47                android:name="io.flutter.embedding.android.NormalTheme"
47-->src/main/AndroidManifest.xml:24:15-70
48                android:resource="@style/NormalTheme" />
48-->src/main/AndroidManifest.xml:25:15-52
49            <!--
50                 Displays an Android View that continues showing the launch screen
51                 Drawable until Flutter paints its first frame, then this splash
52                 screen fades out. A splash screen is useful to avoid any visual
53                 gap between the end of Android's launch screen and the painting of
54                 Flutter's first frame.
55            -->
56            <meta-data
56-->src/main/AndroidManifest.xml:32:13-35:17
57                android:name="io.flutter.embedding.android.SplashScreenDrawable"
57-->src/main/AndroidManifest.xml:33:15-79
58                android:resource="@drawable/launch_background" />
58-->src/main/AndroidManifest.xml:34:15-61
59
60            <intent-filter>
60-->src/main/AndroidManifest.xml:36:13-39:29
61                <action android:name="android.intent.action.MAIN" />
61-->src/main/AndroidManifest.xml:37:17-68
61-->src/main/AndroidManifest.xml:37:25-66
62
63                <category android:name="android.intent.category.LAUNCHER" />
63-->src/main/AndroidManifest.xml:38:17-76
63-->src/main/AndroidManifest.xml:38:27-74
64            </intent-filter>
65        </activity>
66        <!--
67             Don't delete the meta-data below.
68             This is used by the Flutter tool to generate GeneratedPluginRegistrant.java
69        -->
70        <meta-data
70-->src/main/AndroidManifest.xml:43:9-45:33
71            android:name="flutterEmbedding"
71-->src/main/AndroidManifest.xml:44:13-44
72            android:value="2" />
72-->src/main/AndroidManifest.xml:45:13-30
73
74        <receiver
74-->[com.google.android.gms:play-services-measurement:17.2.2] AndroidManifest.xml:29:9-33:20
75            android:name="com.google.android.gms.measurement.AppMeasurementReceiver"
75-->[com.google.android.gms:play-services-measurement:17.2.2] AndroidManifest.xml:30:13-85
76            android:enabled="true"
76-->[com.google.android.gms:play-services-measurement:17.2.2] AndroidManifest.xml:31:13-35
77            android:exported="false" >
77-->[com.google.android.gms:play-services-measurement:17.2.2] AndroidManifest.xml:32:13-37
78        </receiver>
79        <receiver
79-->[com.google.android.gms:play-services-measurement:17.2.2] AndroidManifest.xml:34:9-42:20
80            android:name="com.google.android.gms.measurement.AppMeasurementInstallReferrerReceiver"
80-->[com.google.android.gms:play-services-measurement:17.2.2] AndroidManifest.xml:35:13-100
81            android:enabled="true"
81-->[com.google.android.gms:play-services-measurement:17.2.2] AndroidManifest.xml:36:13-35
82            android:exported="true"
82-->[com.google.android.gms:play-services-measurement:17.2.2] AndroidManifest.xml:37:13-36
83            android:permission="android.permission.INSTALL_PACKAGES" >
83-->[com.google.android.gms:play-services-measurement:17.2.2] AndroidManifest.xml:38:13-69
84            <intent-filter>
84-->[com.google.android.gms:play-services-measurement:17.2.2] AndroidManifest.xml:39:13-41:29
85                <action android:name="com.android.vending.INSTALL_REFERRER" />
85-->[com.google.android.gms:play-services-measurement:17.2.2] AndroidManifest.xml:40:17-79
85-->[com.google.android.gms:play-services-measurement:17.2.2] AndroidManifest.xml:40:25-76
86            </intent-filter>
87        </receiver>
88
89        <service
89-->[com.google.android.gms:play-services-measurement:17.2.2] AndroidManifest.xml:44:9-47:40
90            android:name="com.google.android.gms.measurement.AppMeasurementService"
90-->[com.google.android.gms:play-services-measurement:17.2.2] AndroidManifest.xml:45:13-84
91            android:enabled="true"
91-->[com.google.android.gms:play-services-measurement:17.2.2] AndroidManifest.xml:46:13-35
92            android:exported="false" />
92-->[com.google.android.gms:play-services-measurement:17.2.2] AndroidManifest.xml:47:13-37
93        <service
93-->[com.google.android.gms:play-services-measurement:17.2.2] AndroidManifest.xml:48:9-52:72
94            android:name="com.google.android.gms.measurement.AppMeasurementJobService"
94-->[com.google.android.gms:play-services-measurement:17.2.2] AndroidManifest.xml:49:13-87
95            android:enabled="true"
95-->[com.google.android.gms:play-services-measurement:17.2.2] AndroidManifest.xml:50:13-35
96            android:exported="false"
96-->[com.google.android.gms:play-services-measurement:17.2.2] AndroidManifest.xml:51:13-37
97            android:permission="android.permission.BIND_JOB_SERVICE" />
97-->[com.google.android.gms:play-services-measurement:17.2.2] AndroidManifest.xml:52:13-69
98        <service
98-->[com.google.android.gms:play-services-measurement-api:17.2.2] AndroidManifest.xml:27:9-33:19
99            android:name="com.google.firebase.components.ComponentDiscoveryService"
99-->[com.google.android.gms:play-services-measurement-api:17.2.2] AndroidManifest.xml:28:13-84
100            android:directBootAware="true"
100-->[com.google.firebase:firebase-common:19.3.0] AndroidManifest.xml:34:13-43
101            android:exported="false" >
101-->[com.google.android.gms:play-services-measurement-api:17.2.2] AndroidManifest.xml:29:13-37
102            <meta-data
102-->[com.google.android.gms:play-services-measurement-api:17.2.2] AndroidManifest.xml:30:13-32:85
103                android:name="com.google.firebase.components:com.google.firebase.analytics.connector.internal.AnalyticsConnectorRegistrar"
103-->[com.google.android.gms:play-services-measurement-api:17.2.2] AndroidManifest.xml:31:17-139
104                android:value="com.google.firebase.components.ComponentRegistrar" />
104-->[com.google.android.gms:play-services-measurement-api:17.2.2] AndroidManifest.xml:32:17-82
105            <meta-data
105-->[com.google.firebase:firebase-iid:20.0.2] AndroidManifest.xml:32:13-34:85
106                android:name="com.google.firebase.components:com.google.firebase.iid.Registrar"
106-->[com.google.firebase:firebase-iid:20.0.2] AndroidManifest.xml:33:17-96
107                android:value="com.google.firebase.components.ComponentRegistrar" />
107-->[com.google.firebase:firebase-iid:20.0.2] AndroidManifest.xml:34:17-82
108        </service>
109
110        <activity
110-->[com.google.android.gms:play-services-auth:16.0.1] AndroidManifest.xml:23:9-27:75
111            android:name="com.google.android.gms.auth.api.signin.internal.SignInHubActivity"
111-->[com.google.android.gms:play-services-auth:16.0.1] AndroidManifest.xml:24:13-93
112            android:excludeFromRecents="true"
112-->[com.google.android.gms:play-services-auth:16.0.1] AndroidManifest.xml:25:13-46
113            android:exported="false"
113-->[com.google.android.gms:play-services-auth:16.0.1] AndroidManifest.xml:26:13-37
114            android:theme="@android:style/Theme.Translucent.NoTitleBar" />
114-->[com.google.android.gms:play-services-auth:16.0.1] AndroidManifest.xml:27:13-72
115        <!--
116            Service handling Google Sign-In user revocation. For apps that do not integrate with
117            Google Sign-In, this service will never be started.
118        -->
119        <service
119-->[com.google.android.gms:play-services-auth:16.0.1] AndroidManifest.xml:33:9-36:110
120            android:name="com.google.android.gms.auth.api.signin.RevocationBoundService"
120-->[com.google.android.gms:play-services-auth:16.0.1] AndroidManifest.xml:34:13-89
121            android:exported="true"
121-->[com.google.android.gms:play-services-auth:16.0.1] AndroidManifest.xml:35:13-36
122            android:permission="com.google.android.gms.auth.api.signin.permission.REVOCATION_NOTIFICATION" />
122-->[com.google.android.gms:play-services-auth:16.0.1] AndroidManifest.xml:36:13-107
123
124        <receiver
124-->[com.google.firebase:firebase-iid:20.0.2] AndroidManifest.xml:37:9-44:20
125            android:name="com.google.firebase.iid.FirebaseInstanceIdReceiver"
125-->[com.google.firebase:firebase-iid:20.0.2] AndroidManifest.xml:38:13-78
126            android:exported="true"
126-->[com.google.firebase:firebase-iid:20.0.2] AndroidManifest.xml:39:13-36
127            android:permission="com.google.android.c2dm.permission.SEND" >
127-->[com.google.firebase:firebase-iid:20.0.2] AndroidManifest.xml:40:13-73
128            <intent-filter>
128-->[com.google.firebase:firebase-iid:20.0.2] AndroidManifest.xml:41:13-43:29
129                <action android:name="com.google.android.c2dm.intent.RECEIVE" />
129-->[com.google.firebase:firebase-iid:20.0.2] AndroidManifest.xml:42:17-81
129-->[com.google.firebase:firebase-iid:20.0.2] AndroidManifest.xml:42:25-78
130            </intent-filter>
131        </receiver>
132
133        <provider
133-->[com.google.firebase:firebase-common:19.3.0] AndroidManifest.xml:26:9-30:39
134            android:name="com.google.firebase.provider.FirebaseInitProvider"
134-->[com.google.firebase:firebase-common:19.3.0] AndroidManifest.xml:27:13-77
135            android:authorities="com.justix.xtrail.firebaseinitprovider"
135-->[com.google.firebase:firebase-common:19.3.0] AndroidManifest.xml:28:13-72
136            android:exported="false"
136-->[com.google.firebase:firebase-common:19.3.0] AndroidManifest.xml:29:13-37
137            android:initOrder="100" />
137-->[com.google.firebase:firebase-common:19.3.0] AndroidManifest.xml:30:13-36
138
139        <activity
139-->[com.google.android.gms:play-services-base:17.0.0] AndroidManifest.xml:23:9-26:75
140            android:name="com.google.android.gms.common.api.GoogleApiActivity"
140-->[com.google.android.gms:play-services-base:17.0.0] AndroidManifest.xml:24:13-79
141            android:exported="false"
141-->[com.google.android.gms:play-services-base:17.0.0] AndroidManifest.xml:25:13-37
142            android:theme="@android:style/Theme.Translucent.NoTitleBar" />
142-->[com.google.android.gms:play-services-base:17.0.0] AndroidManifest.xml:26:13-72
143
144        <meta-data
144-->[com.google.android.gms:play-services-basement:17.0.0] AndroidManifest.xml:23:9-25:69
145            android:name="com.google.android.gms.version"
145-->[com.google.android.gms:play-services-basement:17.0.0] AndroidManifest.xml:24:13-58
146            android:value="@integer/google_play_services_version" />
146-->[com.google.android.gms:play-services-basement:17.0.0] AndroidManifest.xml:25:13-66
147    </application>
148
149</manifest>